Determining if the pthread_create exist failed with the following output:
Change Dir: /home/rrc/Desktop/fusion/build/CMakeFiles/CMakeTmp

Run Build Command:"/usr/bin/make" "cmTC_0b4dc/fast"
/usr/bin/make -f CMakeFiles/cmTC_0b4dc.dir/build.make CMakeFiles/cmTC_0b4dc.dir/build
make[1]: Entering directory '/home/rrc/Desktop/fusion/build/CMakeFiles/CMakeTmp'
Building C object CMakeFiles/cmTC_0b4dc.dir/CheckSymbolExists.c.o
/usr/bin/cc     -o CMakeFiles/cmTC_0b4dc.dir/CheckSymbolExists.c.o   -c /home/rrc/Desktop/fusion/build/CMakeFiles/CMakeTmp/CheckSymbolExists.c
Linking C executable cmTC_0b4dc
/usr/local/bin/cmake -E cmake_link_script CMakeFiles/cmTC_0b4dc.dir/link.txt --verbose=1
/usr/bin/cc       CMakeFiles/cmTC_0b4dc.dir/CheckSymbolExists.c.o  -o cmTC_0b4dc -rdynamic 
CMakeFiles/cmTC_0b4dc.dir/CheckSymbolExists.c.o: In function `main':
CheckSymbolExists.c:(.text+0x16): undefined reference to `pthread_create'
collect2: error: ld returned 1 exit status
CMakeFiles/cmTC_0b4dc.dir/build.make:97: recipe for target 'cmTC_0b4dc' failed
make[1]: *** [cmTC_0b4dc] Error 1
make[1]: Leaving directory '/home/rrc/Desktop/fusion/build/CMakeFiles/CMakeTmp'
Makefile:126: recipe for target 'cmTC_0b4dc/fast' failed
make: *** [cmTC_0b4dc/fast] Error 2

File /home/rrc/Desktop/fusion/build/CMakeFiles/CMakeTmp/CheckSymbolExists.c:
/* */
#include <pthread.h>

int main(int argc, char** argv)
{
  (void)argv;
#ifndef pthread_create
  return ((int*)(&pthread_create))[argc];
#else
  (void)argc;
  return 0;
#endif
}

Determining if the function pthread_create exists in the pthreads failed with the following output:
Change Dir: /home/rrc/Desktop/fusion/build/CMakeFiles/CMakeTmp

Run Build Command:"/usr/bin/make" "cmTC_17f07/fast"
/usr/bin/make -f CMakeFiles/cmTC_17f07.dir/build.make CMakeFiles/cmTC_17f07.dir/build
make[1]: Entering directory '/home/rrc/Desktop/fusion/build/CMakeFiles/CMakeTmp'
Building C object CMakeFiles/cmTC_17f07.dir/CheckFunctionExists.c.o
/usr/bin/cc    -DCHECK_FUNCTION_EXISTS=pthread_create   -o CMakeFiles/cmTC_17f07.dir/CheckFunctionExists.c.o   -c /usr/local/share/cmake-3.7/Modules/CheckFunctionExists.c
Linking C executable cmTC_17f07
/usr/local/bin/cmake -E cmake_link_script CMakeFiles/cmTC_17f07.dir/link.txt --verbose=1
/usr/bin/cc   -DCHECK_FUNCTION_EXISTS=pthread_create    CMakeFiles/cmTC_17f07.dir/CheckFunctionExists.c.o  -o cmTC_17f07 -rdynamic -lpthreads 
/usr/bin/ld: cannot find -lpthreads
collect2: error: ld returned 1 exit status
CMakeFiles/cmTC_17f07.dir/build.make:97: recipe for target 'cmTC_17f07' failed
make[1]: *** [cmTC_17f07] Error 1
make[1]: Leaving directory '/home/rrc/Desktop/fusion/build/CMakeFiles/CMakeTmp'
Makefile:126: recipe for target 'cmTC_17f07/fast' failed
make: *** [cmTC_17f07/fast] Error 2


